<?xml version="1.0" encoding="UTF-8"?>
<!-- Generated by org.testng.reporters.JUnitReportReporter -->
<testsuite hostname="Raghav" failures="0" tests="2" name="testCases.TC001_AccountRegistrationTest" time="4.407" errors="0" timestamp="2024-11-10T15:38:31 IST" skipped="0">
  <testcase classname="testCases.TC001_AccountRegistrationTest" name="Registration_Page" time="1.776"/>
  <testcase classname="testCases.TC001_AccountRegistrationTest" name="verify_Account_Registration" time="2.631"/>
</testsuite> <!-- testCases.TC001_AccountRegistrationTest -->
