<?xml version="1.0" encoding="UTF-8"?>
<!-- Generated by org.testng.reporters.JUnitReportReporter -->
<testsuite hostname="Raghav" failures="0" tests="2" name="testCases.TC001_AccountRegistrationTest" time="10.788" errors="0" timestamp="2024-11-16T16:47:54 IST" skipped="0">
  <testcase classname="testCases.TC001_AccountRegistrationTest" name="Registration_Page" time="5.082"/>
  <testcase classname="testCases.TC001_AccountRegistrationTest" name="verify_Account_Registration" time="5.706"/>
</testsuite> <!-- testCases.TC001_AccountRegistrationTest -->
